<?xml version="1.0" encoding="UTF-8"?>
<!-- Generated by org.testng.reporters.JUnitXMLReporter -->
<testsuite ignored="0" hostname="User-225" failures="6" tests="47" name="FibreZ Smoke Testing" time="769.473" errors="0" timestamp="2024-11-07T19:27:58 IST">
  <testcase classname="TestCases.TC001_LaunchApplication" name="checkUrlTest" time="2.199"/>
  <testcase classname="TestCases.TC002_BookNowRequest" name="bookNowFeatureTest" time="8.6"/>
  <testcase classname="TestCases.TC003_AdminLogin" name="adminLoginTest" time="5.673"/>
  <testcase classname="TestCases.TC004_AdminLoginDashboard" name="adminLoginDashboardTest" time="5.685"/>
  <testcase classname="TestCases.TC005_AdminAddPartner" name="createNewAdminPartnerTest" time="5.834"/>
  <testcase classname="TestCases.TC006_AdminPartnersPage" name="check_Manjula_MSO_Test" time="9.024"/>
  <testcase classname="TestCases.TC007_EditRole" name="editRoleChangeTest" time="33.436">
    <failure type="org.openqa.selenium.NoSuchElementException" message="no such element: Unable to locate element: {&amp;quot;method&amp;quot;:&amp;quot;xpath&amp;quot;,&amp;quot;selector&amp;quot;:&amp;quot;//p[@class=&amp;apos;text-xl&amp;apos; and text()=&amp;apos;Success&amp;apos;]&amp;quot;}
  (Session info: chrome=130.0.6723.93)
For documentation on this error, please visit: https://www.selenium.dev/documentation/webdriver/troubleshooting/errors#no-such-element-exception
Build info: version: &amp;apos;4.24.0&amp;apos;, revision: &amp;apos;748ffc9bc3&amp;apos;
System info: os.name: &amp;apos;Windows 10&amp;apos;, os.arch: &amp;apos;amd64&amp;apos;, os.version: &amp;apos;10.0&amp;apos;, java.version: &amp;apos;21.0.4&amp;apos;
Driver info: org.openqa.selenium.chrome.ChromeDriver
Command: [03cc6ea1101ecc071836d41f773a62ea, findElement {using=xpath, value=//p[@class=&amp;apos;text-xl&amp;apos; and text()=&amp;apos;Success&amp;apos;]}]
Capabilities {acceptInsecureCerts: false, browserName: chrome, browserVersion: 130.0.6723.93, chrome: {chromedriverVersion: 130.0.6723.69 (3ec172b971b9..., userDataDir: C:\Users\PRAYOG~1.MUD\AppDa...}, fedcm:accounts: true, goog:chromeOptions: {debuggerAddress: localhost:52182}, networkConnectionEnabled: false, pageLoadStrategy: normal, platformName: windows, proxy: Proxy(), se:cdp: ws://localhost:52182/devtoo..., se:cdpVersion: 130.0.6723.93, setWindowRect: true, strictFileInteractability: false, timeouts: {implicit: 0, pageLoad: 300000, script: 30000}, unhandledPromptBehavior: dismiss and notify, webauthn:extension:credBlob: true, webauthn:extension:largeBlob: true, webauthn:extension:minPinLength: true, webauthn:extension:prf: true, webauthn:virtualAuthenticators: true}
Session ID: 03cc6ea1101ecc071836d41f773a62ea">
      <![CDATA[org.openqa.selenium.NoSuchElementException: no such element: Unable to locate element: {"method":"xpath","selector":"//p[@class='text-xl' and text()='Success']"}
  (Session info: chrome=130.0.6723.93)
For documentation on this error, please visit: https://www.selenium.dev/documentation/webdriver/troubleshooting/errors#no-such-element-exception
Build info: version: '4.24.0', revision: '748ffc9bc3'
System info: os.name: 'Windows 10', os.arch: 'amd64', os.version: '10.0', java.version: '21.0.4'
Driver info: org.openqa.selenium.chrome.ChromeDriver
Command: [03cc6ea1101ecc071836d41f773a62ea, findElement {using=xpath, value=//p[@class='text-xl' and text()='Success']}]
Capabilities {acceptInsecureCerts: false, browserName: chrome, browserVersion: 130.0.6723.93, chrome: {chromedriverVersion: 130.0.6723.69 (3ec172b971b9..., userDataDir: C:\Users\PRAYOG~1.MUD\AppDa...}, fedcm:accounts: true, goog:chromeOptions: {debuggerAddress: localhost:52182}, networkConnectionEnabled: false, pageLoadStrategy: normal, platformName: windows, proxy: Proxy(), se:cdp: ws://localhost:52182/devtoo..., se:cdpVersion: 130.0.6723.93, setWindowRect: true, strictFileInteractability: false, timeouts: {implicit: 0, pageLoad: 300000, script: 30000}, unhandledPromptBehavior: dismiss and notify, webauthn:extension:credBlob: true, webauthn:extension:largeBlob: true, webauthn:extension:minPinLength: true, webauthn:extension:prf: true, webauthn:virtualAuthenticators: true}
Session ID: 03cc6ea1101ecc071836d41f773a62ea
at org.openqa.selenium.remote.ErrorCodec.decode(ErrorCodec.java:167)
at org.openqa.selenium.remote.codec.w3c.W3CHttpResponseCodec.decode(W3CHttpResponseCodec.java:138)
at org.openqa.selenium.remote.codec.w3c.W3CHttpResponseCodec.decode(W3CHttpResponseCodec.java:50)
at org.openqa.selenium.remote.HttpCommandExecutor.execute(HttpCommandExecutor.java:190)
at org.openqa.selenium.remote.service.DriverCommandExecutor.invokeExecute(DriverCommandExecutor.java:216)
at org.openqa.selenium.remote.service.DriverCommandExecutor.execute(DriverCommandExecutor.java:174)
at org.openqa.selenium.remote.RemoteWebDriver.execute(RemoteWebDriver.java:545)
at org.openqa.selenium.remote.ElementLocation$ElementFinder$2.findElement(ElementLocation.java:165)
at org.openqa.selenium.remote.ElementLocation.findElement(ElementLocation.java:59)
at org.openqa.selenium.remote.RemoteWebDriver.findElement(RemoteWebDriver.java:368)
at org.openqa.selenium.remote.RemoteWebDriver.findElement(RemoteWebDriver.java:362)
at TestCases.TC007_EditRole.editRoleChangeTest(TC007_EditRole.java:117)
at java.base/java.util.ArrayList.forEach(ArrayList.java:1596)
... Removed 28 stack frames]]>
    </failure>
  </testcase> <!-- editRoleChangeTest -->
  <testcase classname="TestCases.TC008_EditRoleRollBack" name="editRoleChangeRollBackTest" time="21.745"/>
  <testcase classname="TestCases.TC009_RolesPageMsoRole" name="rolesPageMsoRoleTest" time="8.804"/>
  <testcase classname="TestCases.TC010_CreateRole" name="createRoleButtonTest" time="8.38"/>
  <testcase classname="TestCases.TC011_AdminLogout" name="adminLogoutTest" time="5.729"/>
  <testcase classname="TestCases.TC012_MsoLogin" name="msoLoginTest" time="5.628"/>
  <testcase classname="TestCases.TC013_MsoDashboard" name="msoLoginDashboardTest" time="6.36"/>
  <testcase classname="TestCases.TC014_MsoRevenuePage" name="msoRevenuePageTest" time="35.541">
    <failure type="java.lang.AssertionError" message="LCO Share value for JBLH_LCO was not found. expected [true] but found [false]">
      <![CDATA[java.lang.AssertionError: LCO Share value for JBLH_LCO was not found. expected [true] but found [false]
at TestCases.TC014_MsoRevenuePage.msoRevenuePageTest(TC014_MsoRevenuePage.java:150)
at java.base/java.util.ArrayList.forEach(ArrayList.java:1596)
... Removed 28 stack frames]]>
    </failure>
  </testcase> <!-- msoRevenuePageTest -->
  <testcase classname="TestCases.TC015_MsoPricingPage" name="msoPricingPageTest" time="45.943"/>
  <testcase classname="TestCases.TC016_MsoCreatePricing" name="msoPricingPageTest" time="11.779"/>
  <testcase classname="TestCases.TC017_MsoServicesPage" name="msoServicesPageTest" time="27.108"/>
  <testcase classname="TestCases.TC018_MsoCreateService" name="msoServicePageTest" time="11.664"/>
  <testcase classname="TestCases.TC019_MsoStandardPlans" name="msoStandardPlansPageTest" time="7.734"/>
  <testcase classname="TestCases.TC020_MsoCustomPlans" name="msoCustomPlansPageTest" time="9.682"/>
  <testcase classname="TestCases.TC021_MsoCreateCustomPlan" name="msoCreateCustomPlanTest" time="10.905"/>
  <testcase classname="TestCases.TC022_MsoPartnersPage" name="check_Arjun_LCO_Test" time="15.428"/>
  <testcase classname="TestCases.TC023_MsoAddPartner" name="createNewMsoPartnerTest" time="5.744"/>
  <testcase classname="TestCases.TC024_MsoInventoryDeviceId" name="msoInventoryDeviceIdTest" time="16.605">
    <failure type="java.lang.IndexOutOfBoundsException" message="Index 2 out of bounds for length 1">
      <![CDATA[java.lang.IndexOutOfBoundsException: Index 2 out of bounds for length 1
at java.base/jdk.internal.util.Preconditions.outOfBounds(Preconditions.java:100)
at java.base/jdk.internal.util.Preconditions.outOfBoundsCheckIndex(Preconditions.java:106)
at java.base/jdk.internal.util.Preconditions.checkIndex(Preconditions.java:302)
at java.base/java.util.Objects.checkIndex(Objects.java:385)
at java.base/java.util.ArrayList.get(ArrayList.java:427)
at TestCases.TC024_MsoInventoryDeviceId.msoInventoryDeviceIdTest(TC024_MsoInventoryDeviceId.java:82)
at java.base/java.util.ArrayList.forEach(ArrayList.java:1596)
... Removed 25 stack frames]]>
    </failure>
  </testcase> <!-- msoInventoryDeviceIdTest -->
  <testcase classname="TestCases.TC025_MsoInventoryOrderId" name="msoInventoryOrderIdTest" time="26.756">
    <failure type="java.lang.AssertionError" message="The expected Order ID &amp;apos;DORde4b2d7&amp;apos; was not found. expected [true] but found [false]">
      <![CDATA[java.lang.AssertionError: The expected Order ID 'DORde4b2d7' was not found. expected [true] but found [false]
at TestCases.TC025_MsoInventoryOrderId.msoInventoryOrderIdTest(TC025_MsoInventoryOrderId.java:119)
at java.base/java.util.ArrayList.forEach(ArrayList.java:1596)
... Removed 28 stack frames]]>
    </failure>
  </testcase> <!-- msoInventoryOrderIdTest -->
  <testcase classname="TestCases.TC026_MsoLogout" name="msoLogoutTest" time="5.641"/>
  <testcase classname="TestCases.TC027_LcoLogin" name="LcoLoginTest" time="5.683"/>
  <testcase classname="TestCases.TC028_LcoDashboard" name="lcoLoginDashboardTest" time="5.371"/>
  <testcase classname="TestCases.TC029_LcoInstallationPage" name="LcoInstallationTest" time="9.638"/>
  <testcase classname="TestCases.TC030_LcoConnectionsPage" name="LcoConnectionsListTest" time="7.466"/>
  <testcase classname="TestCases.TC031_LcoConnectionsPersonalDetails" name="LcoConnectionsPersonalDetailsTest" time="10.337"/>
  <testcase classname="TestCases.TC032_LcoStandardPlans" name="lcoStandardPlansPageTest" time="7.628"/>
  <testcase classname="TestCases.TC033_LcoCustomPlans" name="lcoCustomPlansPageTest" time="9.435"/>
  <testcase classname="TestCases.TC034_LcoBasicPlanNewCustomer" name="lcoBasicPlanNewCustomerCreationTest" time="12.579"/>
  <testcase classname="TestCases.TC035_LcoPartnersPage" name="LcoListOfPartnersPageTest" time="13.268"/>
  <testcase classname="TestCases.TC036_LcoAddPartner" name="createNewLcoPartnerTest" time="6.05"/>
  <testcase classname="TestCases.TC037_LcoServiceOrdersPage" name="LcoServiceOrdersPageTest" time="13.829"/>
  <testcase classname="TestCases.TC038_LcoServiceOrdersUpdateStatus" name="LcoServiceOrdersUpdateStatusTest" time="26.55"/>
  <testcase classname="TestCases.TC039_LcoOperatorInventoryPage" name="LcoOperatorInventoryPageTest" time="8.644"/>
  <testcase classname="TestCases.TC040_LcoRequestInventory" name="LcoRequestInventoryCreationTest" time="17.616">
    <failure type="org.openqa.selenium.NoSuchElementException" message="no such element: Unable to locate element: {&amp;quot;method&amp;quot;:&amp;quot;xpath&amp;quot;,&amp;quot;selector&amp;quot;:&amp;quot;//button[normalize-space()=&amp;apos;Request Inventory&amp;apos;]&amp;quot;}
  (Session info: chrome=130.0.6723.93)
For documentation on this error, please visit: https://www.selenium.dev/documentation/webdriver/troubleshooting/errors#no-such-element-exception
Build info: version: &amp;apos;4.24.0&amp;apos;, revision: &amp;apos;748ffc9bc3&amp;apos;
System info: os.name: &amp;apos;Windows 10&amp;apos;, os.arch: &amp;apos;amd64&amp;apos;, os.version: &amp;apos;10.0&amp;apos;, java.version: &amp;apos;21.0.4&amp;apos;
Driver info: org.openqa.selenium.chrome.ChromeDriver
Command: [4d2bc8efe182dbb2fbd3c6760d97d1cb, findElement {using=xpath, value=//button[normalize-space()=&amp;apos;Request Inventory&amp;apos;]}]
Capabilities {acceptInsecureCerts: false, browserName: chrome, browserVersion: 130.0.6723.93, chrome: {chromedriverVersion: 130.0.6723.69 (3ec172b971b9..., userDataDir: C:\Users\PRAYOG~1.MUD\AppDa...}, fedcm:accounts: true, goog:chromeOptions: {debuggerAddress: localhost:55310}, networkConnectionEnabled: false, pageLoadStrategy: normal, platformName: windows, proxy: Proxy(), se:cdp: ws://localhost:55310/devtoo..., se:cdpVersion: 130.0.6723.93, setWindowRect: true, strictFileInteractability: false, timeouts: {implicit: 0, pageLoad: 300000, script: 30000}, unhandledPromptBehavior: dismiss and notify, webauthn:extension:credBlob: true, webauthn:extension:largeBlob: true, webauthn:extension:minPinLength: true, webauthn:extension:prf: true, webauthn:virtualAuthenticators: true}
Session ID: 4d2bc8efe182dbb2fbd3c6760d97d1cb">
      <![CDATA[org.openqa.selenium.NoSuchElementException: no such element: Unable to locate element: {"method":"xpath","selector":"//button[normalize-space()='Request Inventory']"}
  (Session info: chrome=130.0.6723.93)
For documentation on this error, please visit: https://www.selenium.dev/documentation/webdriver/troubleshooting/errors#no-such-element-exception
Build info: version: '4.24.0', revision: '748ffc9bc3'
System info: os.name: 'Windows 10', os.arch: 'amd64', os.version: '10.0', java.version: '21.0.4'
Driver info: org.openqa.selenium.chrome.ChromeDriver
Command: [4d2bc8efe182dbb2fbd3c6760d97d1cb, findElement {using=xpath, value=//button[normalize-space()='Request Inventory']}]
Capabilities {acceptInsecureCerts: false, browserName: chrome, browserVersion: 130.0.6723.93, chrome: {chromedriverVersion: 130.0.6723.69 (3ec172b971b9..., userDataDir: C:\Users\PRAYOG~1.MUD\AppDa...}, fedcm:accounts: true, goog:chromeOptions: {debuggerAddress: localhost:55310}, networkConnectionEnabled: false, pageLoadStrategy: normal, platformName: windows, proxy: Proxy(), se:cdp: ws://localhost:55310/devtoo..., se:cdpVersion: 130.0.6723.93, setWindowRect: true, strictFileInteractability: false, timeouts: {implicit: 0, pageLoad: 300000, script: 30000}, unhandledPromptBehavior: dismiss and notify, webauthn:extension:credBlob: true, webauthn:extension:largeBlob: true, webauthn:extension:minPinLength: true, webauthn:extension:prf: true, webauthn:virtualAuthenticators: true}
Session ID: 4d2bc8efe182dbb2fbd3c6760d97d1cb
at org.openqa.selenium.remote.ErrorCodec.decode(ErrorCodec.java:167)
at org.openqa.selenium.remote.codec.w3c.W3CHttpResponseCodec.decode(W3CHttpResponseCodec.java:138)
at org.openqa.selenium.remote.codec.w3c.W3CHttpResponseCodec.decode(W3CHttpResponseCodec.java:50)
at org.openqa.selenium.remote.HttpCommandExecutor.execute(HttpCommandExecutor.java:190)
at org.openqa.selenium.remote.service.DriverCommandExecutor.invokeExecute(DriverCommandExecutor.java:216)
at org.openqa.selenium.remote.service.DriverCommandExecutor.execute(DriverCommandExecutor.java:174)
at org.openqa.selenium.remote.RemoteWebDriver.execute(RemoteWebDriver.java:545)
at org.openqa.selenium.remote.ElementLocation$ElementFinder$2.findElement(ElementLocation.java:165)
at org.openqa.selenium.remote.ElementLocation.findElement(ElementLocation.java:59)
at org.openqa.selenium.remote.RemoteWebDriver.findElement(RemoteWebDriver.java:368)
at org.openqa.selenium.remote.RemoteWebDriver.findElement(RemoteWebDriver.java:362)
at TestCases.TC040_LcoRequestInventory.LcoRequestInventoryCreationTest(TC040_LcoRequestInventory.java:46)
at java.base/java.util.ArrayList.forEach(ArrayList.java:1596)
... Removed 28 stack frames]]>
    </failure>
  </testcase> <!-- LcoRequestInventoryCreationTest -->
  <testcase classname="TestCases.TC041_LcoLogout" name="lcoLogoutTest" time="5.566"/>
  <testcase classname="TestCases.TC042_CustomerLogin" name="customerLoginTest" time="5.603"/>
  <testcase classname="TestCases.TC043_CustomerDashboard" name="CustomerDashboardIDTest" time="7.47"/>
  <testcase classname="TestCases.TC044_CustomerBills" name="CustomerBillsPageTest" time="18.798">
    <failure type="org.openqa.selenium.NoSuchElementException" message="no such element: Unable to locate element: {&amp;quot;method&amp;quot;:&amp;quot;xpath&amp;quot;,&amp;quot;selector&amp;quot;:&amp;quot;//button[normalize-space()=&amp;apos;Pay Now&amp;apos;]&amp;quot;}
  (Session info: chrome=130.0.6723.93)
For documentation on this error, please visit: https://www.selenium.dev/documentation/webdriver/troubleshooting/errors#no-such-element-exception
Build info: version: &amp;apos;4.24.0&amp;apos;, revision: &amp;apos;748ffc9bc3&amp;apos;
System info: os.name: &amp;apos;Windows 10&amp;apos;, os.arch: &amp;apos;amd64&amp;apos;, os.version: &amp;apos;10.0&amp;apos;, java.version: &amp;apos;21.0.4&amp;apos;
Driver info: org.openqa.selenium.chrome.ChromeDriver
Command: [dfad161025c3f5ef3e008d2e02ef3f63, findElement {using=xpath, value=//button[normalize-space()=&amp;apos;Pay Now&amp;apos;]}]
Capabilities {acceptInsecureCerts: false, browserName: chrome, browserVersion: 130.0.6723.93, chrome: {chromedriverVersion: 130.0.6723.69 (3ec172b971b9..., userDataDir: C:\Users\PRAYOG~1.MUD\AppDa...}, fedcm:accounts: true, goog:chromeOptions: {debuggerAddress: localhost:55629}, networkConnectionEnabled: false, pageLoadStrategy: normal, platformName: windows, proxy: Proxy(), se:cdp: ws://localhost:55629/devtoo..., se:cdpVersion: 130.0.6723.93, setWindowRect: true, strictFileInteractability: false, timeouts: {implicit: 0, pageLoad: 300000, script: 30000}, unhandledPromptBehavior: dismiss and notify, webauthn:extension:credBlob: true, webauthn:extension:largeBlob: true, webauthn:extension:minPinLength: true, webauthn:extension:prf: true, webauthn:virtualAuthenticators: true}
Session ID: dfad161025c3f5ef3e008d2e02ef3f63">
      <![CDATA[org.openqa.selenium.NoSuchElementException: no such element: Unable to locate element: {"method":"xpath","selector":"//button[normalize-space()='Pay Now']"}
  (Session info: chrome=130.0.6723.93)
For documentation on this error, please visit: https://www.selenium.dev/documentation/webdriver/troubleshooting/errors#no-such-element-exception
Build info: version: '4.24.0', revision: '748ffc9bc3'
System info: os.name: 'Windows 10', os.arch: 'amd64', os.version: '10.0', java.version: '21.0.4'
Driver info: org.openqa.selenium.chrome.ChromeDriver
Command: [dfad161025c3f5ef3e008d2e02ef3f63, findElement {using=xpath, value=//button[normalize-space()='Pay Now']}]
Capabilities {acceptInsecureCerts: false, browserName: chrome, browserVersion: 130.0.6723.93, chrome: {chromedriverVersion: 130.0.6723.69 (3ec172b971b9..., userDataDir: C:\Users\PRAYOG~1.MUD\AppDa...}, fedcm:accounts: true, goog:chromeOptions: {debuggerAddress: localhost:55629}, networkConnectionEnabled: false, pageLoadStrategy: normal, platformName: windows, proxy: Proxy(), se:cdp: ws://localhost:55629/devtoo..., se:cdpVersion: 130.0.6723.93, setWindowRect: true, strictFileInteractability: false, timeouts: {implicit: 0, pageLoad: 300000, script: 30000}, unhandledPromptBehavior: dismiss and notify, webauthn:extension:credBlob: true, webauthn:extension:largeBlob: true, webauthn:extension:minPinLength: true, webauthn:extension:prf: true, webauthn:virtualAuthenticators: true}
Session ID: dfad161025c3f5ef3e008d2e02ef3f63
at org.openqa.selenium.remote.ErrorCodec.decode(ErrorCodec.java:167)
at org.openqa.selenium.remote.codec.w3c.W3CHttpResponseCodec.decode(W3CHttpResponseCodec.java:138)
at org.openqa.selenium.remote.codec.w3c.W3CHttpResponseCodec.decode(W3CHttpResponseCodec.java:50)
at org.openqa.selenium.remote.HttpCommandExecutor.execute(HttpCommandExecutor.java:190)
at org.openqa.selenium.remote.service.DriverCommandExecutor.invokeExecute(DriverCommandExecutor.java:216)
at org.openqa.selenium.remote.service.DriverCommandExecutor.execute(DriverCommandExecutor.java:174)
at org.openqa.selenium.remote.RemoteWebDriver.execute(RemoteWebDriver.java:545)
at org.openqa.selenium.remote.ElementLocation$ElementFinder$2.findElement(ElementLocation.java:165)
at org.openqa.selenium.remote.ElementLocation.findElement(ElementLocation.java:59)
at org.openqa.selenium.remote.RemoteWebDriver.findElement(RemoteWebDriver.java:368)
at org.openqa.selenium.remote.RemoteWebDriver.findElement(RemoteWebDriver.java:362)
at TestCases.TC044_CustomerBills.CustomerBillsPageTest(TC044_CustomerBills.java:64)
at java.base/java.util.ArrayList.forEach(ArrayList.java:1596)
... Removed 28 stack frames]]>
    </failure>
  </testcase> <!-- CustomerBillsPageTest -->
  <testcase classname="TestCases.TC045_CustomerChangePlan" name="CustomerChangePlanTest" time="9.564"/>
  <testcase classname="TestCases.TC046_CustomerSupport" name="CustomerSupportTest" time="9.623"/>
  <testcase classname="TestCases.TC047_CustomerLogout" name="customerLogoutTest" time="5.829"/>
</testsuite> <!-- FibreZ Smoke Testing -->
