<html>
<head>
<title>TestNG:  FibreZ Smoke Testing</title>
<link href="../testng.css" rel="stylesheet" type="text/css" />
<link href="../my-testng.css" rel="stylesheet" type="text/css" />

<style type="text/css">
.log { display: none;} 
.stack-trace { display: none;} 
</style>
<script type="text/javascript">
<!--
function flip(e) {
  current = e.style.display;
  if (current == 'block') {
    e.style.display = 'none';
    return 0;
  }
  else {
    e.style.display = 'block';
    return 1;
  }
}

function toggleBox(szDivId, elem, msg1, msg2)
{
  var res = -1;  if (document.getElementById) {
    res = flip(document.getElementById(szDivId));
  }
  else if (document.all) {
    // this is the way old msie versions work
    res = flip(document.all[szDivId]);
  }
  if(elem) {
    if(res == 0) elem.innerHTML = msg1; else elem.innerHTML = msg2;
  }

}

function toggleAllBoxes() {
  if (document.getElementsByTagName) {
    d = document.getElementsByTagName('div');
    for (i = 0; i < d.length; i++) {
      if (d[i].className == 'log') {
        flip(d[i]);
      }
    }
  }
}

// -->
</script>

</head>
<body>
<h2 align='center'>FibreZ Smoke Testing</h2><table border='1' align="center">
<tr>
<td>Tests passed/Failed/Skipped:</td><td>41/6/0</td>
</tr><tr>
<td>Started on:</td><td>Thu Nov 07 19:15:08 IST 2024</td>
</tr>
<tr><td>Total time:</td><td>769 seconds (769473 ms)</td>
</tr><tr>
<td>Included groups:</td><td></td>
</tr><tr>
<td>Excluded groups:</td><td></td>
</tr>
</table><p/>
<small><i>(Hover the method name to see the test class name)</i></small><p/>
<table width='100%' border='1' class='invocation-failed'>
<tr><td colspan='4' align='center'><b>FAILED TESTS</b></td></tr>
<tr><td><b>Test method</b></td>
<td><b>Attribute(s)</b></td>
<td width="30%"><b>Exception</b></td>
<td width="10%"><b>Time (seconds)</b></td>
<td><b>Instance</b></td>
</tr>
<tr>
<td title='TestCases.TC014_MsoRevenuePage.msoRevenuePageTest()'><b>msoRevenuePageTest</b><br>Test class: TestCases.TC014_MsoRevenuePage</td>
<td><div><pre>java.lang.AssertionError: LCO Share value for JBLH_LCO was not found. expected [true] but found [false]
	at TestCases.TC014_MsoRevenuePage.msoRevenuePageTest(TC014_MsoRevenuePage.java:150)
	at java.base/java.util.ArrayList.forEach(ArrayList.java:1596)
... Removed 28 stack frames</pre></div><a href='#' onClick='toggleBox("stack-trace753570330", this, "Click to show all stack frames", "Click to hide stack frames")'>Click to show all stack frames</a>
<div class='stack-trace' id='stack-trace753570330'><pre>java.lang.AssertionError: LCO Share value for JBLH_LCO was not found. expected [true] but found [false]
	at org.testng.Assert.fail(Assert.java:111)
	at org.testng.Assert.failNotEquals(Assert.java:1578)
	at org.testng.Assert.assertTrue(Assert.java:57)
	at TestCases.TC014_MsoRevenuePage.msoRevenuePageTest(TC014_MsoRevenuePage.java:150)
	at java.base/jdk.internal.reflect.DirectMethodHandleAccessor.invoke(DirectMethodHandleAccessor.java:103)
	at java.base/java.lang.reflect.Method.invoke(Method.java:580)
	at org.testng.internal.invokers.MethodInvocationHelper.invokeMethod(MethodInvocationHelper.java:141)
	at org.testng.internal.invokers.TestInvoker.invokeMethod(TestInvoker.java:686)
	at org.testng.internal.invokers.TestInvoker.invokeTestMethod(TestInvoker.java:230)
	at org.testng.internal.invokers.MethodRunner.runInSequence(MethodRunner.java:63)
	at org.testng.internal.invokers.TestInvoker$MethodInvocationAgent.invoke(TestInvoker.java:992)
	at org.testng.internal.invokers.TestInvoker.invokeTestMethods(TestInvoker.java:203)
	at org.testng.internal.invokers.TestMethodWorker.invokeTestMethods(TestMethodWorker.java:154)
	at org.testng.internal.invokers.TestMethodWorker.run(TestMethodWorker.java:134)
	at java.base/java.util.ArrayList.forEach(ArrayList.java:1596)
	at org.testng.TestRunner.privateRun(TestRunner.java:739)
	at org.testng.TestRunner.run(TestRunner.java:614)
	at org.testng.SuiteRunner.runTest(SuiteRunner.java:421)
	at org.testng.SuiteRunner.runSequentially(SuiteRunner.java:413)
	at org.testng.SuiteRunner.privateRun(SuiteRunner.java:373)
	at org.testng.SuiteRunner.run(SuiteRunner.java:312)
	at org.testng.SuiteRunnerWorker.runSuite(SuiteRunnerWorker.java:52)
	at org.testng.SuiteRunnerWorker.run(SuiteRunnerWorker.java:95)
	at org.testng.TestNG.runSuitesSequentially(TestNG.java:1274)
	at org.testng.TestNG.runSuitesLocally(TestNG.java:1208)
	at org.testng.TestNG.runSuites(TestNG.java:1112)
	at org.testng.TestNG.run(TestNG.java:1079)
	at org.testng.remote.AbstractRemoteTestNG.run(AbstractRemoteTestNG.java:115)
	at org.testng.remote.RemoteTestNG.initAndRun(RemoteTestNG.java:293)
	at org.testng.remote.RemoteTestNG.main(RemoteTestNG.java:91)
</pre></div></td>
<td>35</td>
<td>TestCases.TC014_MsoRevenuePage@13b6aecc</td></tr>
<tr>
<td title='TestCases.TC007_EditRole.editRoleChangeTest()'><b>editRoleChangeTest</b><br>Test class: TestCases.TC007_EditRole</td>
<td><div><pre>org.openqa.selenium.NoSuchElementException: no such element: Unable to locate element: {&quot;method&quot;:&quot;xpath&quot;,&quot;selector&quot;:&quot;//p[@class=&apos;text-xl&apos; and text()=&apos;Success&apos;]&quot;}
  (Session info: chrome=130.0.6723.93)
For documentation on this error, please visit: https://www.selenium.dev/documentation/webdriver/troubleshooting/errors#no-such-element-exception
Build info: version: &apos;4.24.0&apos;, revision: &apos;748ffc9bc3&apos;
System info: os.name: &apos;Windows 10&apos;, os.arch: &apos;amd64&apos;, os.version: &apos;10.0&apos;, java.version: &apos;21.0.4&apos;
Driver info: org.openqa.selenium.chrome.ChromeDriver
Command: [03cc6ea1101ecc071836d41f773a62ea, findElement {using=xpath, value=//p[@class=&apos;text-xl&apos; and text()=&apos;Success&apos;]}]
Capabilities {acceptInsecureCerts: false, browserName: chrome, browserVersion: 130.0.6723.93, chrome: {chromedriverVersion: 130.0.6723.69 (3ec172b971b9..., userDataDir: C:\Users\PRAYOG~1.MUD\AppDa...}, fedcm:accounts: true, goog:chromeOptions: {debuggerAddress: localhost:52182}, networkConnectionEnabled: false, pageLoadStrategy: normal, platformName: windows, proxy: Proxy(), se:cdp: ws://localhost:52182/devtoo..., se:cdpVersion: 130.0.6723.93, setWindowRect: true, strictFileInteractability: false, timeouts: {implicit: 0, pageLoad: 300000, script: 30000}, unhandledPromptBehavior: dismiss and notify, webauthn:extension:credBlob: true, webauthn:extension:largeBlob: true, webauthn:extension:minPinLength: true, webauthn:extension:prf: true, webauthn:virtualAuthenticators: true}
Session ID: 03cc6ea1101ecc071836d41f773a62ea
	at org.openqa.selenium.remote.ErrorCodec.decode(ErrorCodec.java:167)
	at org.openqa.selenium.remote.codec.w3c.W3CHttpResponseCodec.decode(W3CHttpResponseCodec.java:138)
	at org.openqa.selenium.remote.codec.w3c.W3CHttpResponseCodec.decode(W3CHttpResponseCodec.java:50)
	at org.openqa.selenium.remote.HttpCommandExecutor.execute(HttpCommandExecutor.java:190)
	at org.openqa.selenium.remote.service.DriverCommandExecutor.invokeExecute(DriverCommandExecutor.java:216)
	at org.openqa.selenium.remote.service.DriverCommandExecutor.execute(DriverCommandExecutor.java:174)
	at org.openqa.selenium.remote.RemoteWebDriver.execute(RemoteWebDriver.java:545)
	at org.openqa.selenium.remote.ElementLocation$ElementFinder$2.findElement(ElementLocation.java:165)
	at org.openqa.selenium.remote.ElementLocation.findElement(ElementLocation.java:59)
	at org.openqa.selenium.remote.RemoteWebDriver.findElement(RemoteWebDriver.java:368)
	at org.openqa.selenium.remote.RemoteWebDriver.findElement(RemoteWebDriver.java:362)
	at TestCases.TC007_EditRole.editRoleChangeTest(TC007_EditRole.java:117)
	at java.base/java.util.ArrayList.forEach(ArrayList.java:1596)
... Removed 28 stack frames</pre></div><a href='#' onClick='toggleBox("stack-trace829985002", this, "Click to show all stack frames", "Click to hide stack frames")'>Click to show all stack frames</a>
<div class='stack-trace' id='stack-trace829985002'><pre>org.openqa.selenium.NoSuchElementException: no such element: Unable to locate element: {&quot;method&quot;:&quot;xpath&quot;,&quot;selector&quot;:&quot;//p[@class=&apos;text-xl&apos; and text()=&apos;Success&apos;]&quot;}
  (Session info: chrome=130.0.6723.93)
For documentation on this error, please visit: https://www.selenium.dev/documentation/webdriver/troubleshooting/errors#no-such-element-exception
Build info: version: &apos;4.24.0&apos;, revision: &apos;748ffc9bc3&apos;
System info: os.name: &apos;Windows 10&apos;, os.arch: &apos;amd64&apos;, os.version: &apos;10.0&apos;, java.version: &apos;21.0.4&apos;
Driver info: org.openqa.selenium.chrome.ChromeDriver
Command: [03cc6ea1101ecc071836d41f773a62ea, findElement {using=xpath, value=//p[@class=&apos;text-xl&apos; and text()=&apos;Success&apos;]}]
Capabilities {acceptInsecureCerts: false, browserName: chrome, browserVersion: 130.0.6723.93, chrome: {chromedriverVersion: 130.0.6723.69 (3ec172b971b9..., userDataDir: C:\Users\PRAYOG~1.MUD\AppDa...}, fedcm:accounts: true, goog:chromeOptions: {debuggerAddress: localhost:52182}, networkConnectionEnabled: false, pageLoadStrategy: normal, platformName: windows, proxy: Proxy(), se:cdp: ws://localhost:52182/devtoo..., se:cdpVersion: 130.0.6723.93, setWindowRect: true, strictFileInteractability: false, timeouts: {implicit: 0, pageLoad: 300000, script: 30000}, unhandledPromptBehavior: dismiss and notify, webauthn:extension:credBlob: true, webauthn:extension:largeBlob: true, webauthn:extension:minPinLength: true, webauthn:extension:prf: true, webauthn:virtualAuthenticators: true}
Session ID: 03cc6ea1101ecc071836d41f773a62ea
	at java.base/jdk.internal.reflect.DirectConstructorHandleAccessor.newInstance(DirectConstructorHandleAccessor.java:62)
	at java.base/java.lang.reflect.Constructor.newInstanceWithCaller(Constructor.java:502)
	at java.base/java.lang.reflect.Constructor.newInstance(Constructor.java:486)
	at org.openqa.selenium.remote.ErrorCodec.decode(ErrorCodec.java:167)
	at org.openqa.selenium.remote.codec.w3c.W3CHttpResponseCodec.decode(W3CHttpResponseCodec.java:138)
	at org.openqa.selenium.remote.codec.w3c.W3CHttpResponseCodec.decode(W3CHttpResponseCodec.java:50)
	at org.openqa.selenium.remote.HttpCommandExecutor.execute(HttpCommandExecutor.java:190)
	at org.openqa.selenium.remote.service.DriverCommandExecutor.invokeExecute(DriverCommandExecutor.java:216)
	at org.openqa.selenium.remote.service.DriverCommandExecutor.execute(DriverCommandExecutor.java:174)
	at org.openqa.selenium.remote.RemoteWebDriver.execute(RemoteWebDriver.java:545)
	at org.openqa.selenium.remote.ElementLocation$ElementFinder$2.findElement(ElementLocation.java:165)
	at org.openqa.selenium.remote.ElementLocation.findElement(ElementLocation.java:59)
	at org.openqa.selenium.remote.RemoteWebDriver.findElement(RemoteWebDriver.java:368)
	at org.openqa.selenium.remote.RemoteWebDriver.findElement(RemoteWebDriver.java:362)
	at TestCases.TC007_EditRole.editRoleChangeTest(TC007_EditRole.java:117)
	at java.base/jdk.internal.reflect.DirectMethodHandleAccessor.invoke(DirectMethodHandleAccessor.java:103)
	at java.base/java.lang.reflect.Method.invoke(Method.java:580)
	at org.testng.internal.invokers.MethodInvocationHelper.invokeMethod(MethodInvocationHelper.java:141)
	at org.testng.internal.invokers.TestInvoker.invokeMethod(TestInvoker.java:686)
	at org.testng.internal.invokers.TestInvoker.invokeTestMethod(TestInvoker.java:230)
	at org.testng.internal.invokers.MethodRunner.runInSequence(MethodRunner.java:63)
	at org.testng.internal.invokers.TestInvoker$MethodInvocationAgent.invoke(TestInvoker.java:992)
	at org.testng.internal.invokers.TestInvoker.invokeTestMethods(TestInvoker.java:203)
	at org.testng.internal.invokers.TestMethodWorker.invokeTestMethods(TestMethodWorker.java:154)
	at org.testng.internal.invokers.TestMethodWorker.run(TestMethodWorker.java:134)
	at java.base/java.util.ArrayList.forEach(ArrayList.java:1596)
	at org.testng.TestRunner.privateRun(TestRunner.java:739)
	at org.testng.TestRunner.run(TestRunner.java:614)
	at org.testng.SuiteRunner.runTest(SuiteRunner.java:421)
	at org.testng.SuiteRunner.runSequentially(SuiteRunner.java:413)
	at org.testng.SuiteRunner.privateRun(SuiteRunner.java:373)
	at org.testng.SuiteRunner.run(SuiteRunner.java:312)
	at org.testng.SuiteRunnerWorker.runSuite(SuiteRunnerWorker.java:52)
	at org.testng.SuiteRunnerWorker.run(SuiteRunnerWorker.java:95)
	at org.testng.TestNG.runSuitesSequentially(TestNG.java:1274)
	at org.testng.TestNG.runSuitesLocally(TestNG.java:1208)
	at org.testng.TestNG.runSuites(TestNG.java:1112)
	at org.testng.TestNG.run(TestNG.java:1079)
	at org.testng.remote.AbstractRemoteTestNG.run(AbstractRemoteTestNG.java:115)
	at org.testng.remote.RemoteTestNG.initAndRun(RemoteTestNG.java:293)
	at org.testng.remote.RemoteTestNG.main(RemoteTestNG.java:91)
</pre></div></td>
<td>33</td>
<td>TestCases.TC007_EditRole@305b7c14</td></tr>
<tr>
<td title='TestCases.TC024_MsoInventoryDeviceId.msoInventoryDeviceIdTest()'><b>msoInventoryDeviceIdTest</b><br>Test class: TestCases.TC024_MsoInventoryDeviceId</td>
<td><div><pre>java.lang.IndexOutOfBoundsException: Index 2 out of bounds for length 1
	at java.base/jdk.internal.util.Preconditions.outOfBounds(Preconditions.java:100)
	at java.base/jdk.internal.util.Preconditions.outOfBoundsCheckIndex(Preconditions.java:106)
	at java.base/jdk.internal.util.Preconditions.checkIndex(Preconditions.java:302)
	at java.base/java.util.Objects.checkIndex(Objects.java:385)
	at java.base/java.util.ArrayList.get(ArrayList.java:427)
	at TestCases.TC024_MsoInventoryDeviceId.msoInventoryDeviceIdTest(TC024_MsoInventoryDeviceId.java:82)
	at java.base/java.util.ArrayList.forEach(ArrayList.java:1596)
... Removed 25 stack frames</pre></div><a href='#' onClick='toggleBox("stack-trace1652383641", this, "Click to show all stack frames", "Click to hide stack frames")'>Click to show all stack frames</a>
<div class='stack-trace' id='stack-trace1652383641'><pre>java.lang.IndexOutOfBoundsException: Index 2 out of bounds for length 1
	at java.base/jdk.internal.util.Preconditions.outOfBounds(Preconditions.java:100)
	at java.base/jdk.internal.util.Preconditions.outOfBoundsCheckIndex(Preconditions.java:106)
	at java.base/jdk.internal.util.Preconditions.checkIndex(Preconditions.java:302)
	at java.base/java.util.Objects.checkIndex(Objects.java:385)
	at java.base/java.util.ArrayList.get(ArrayList.java:427)
	at TestCases.TC024_MsoInventoryDeviceId.msoInventoryDeviceIdTest(TC024_MsoInventoryDeviceId.java:82)
	at java.base/jdk.internal.reflect.DirectMethodHandleAccessor.invoke(DirectMethodHandleAccessor.java:103)
	at java.base/java.lang.reflect.Method.invoke(Method.java:580)
	at org.testng.internal.invokers.MethodInvocationHelper.invokeMethod(MethodInvocationHelper.java:141)
	at org.testng.internal.invokers.TestInvoker.invokeMethod(TestInvoker.java:686)
	at org.testng.internal.invokers.TestInvoker.invokeTestMethod(TestInvoker.java:230)
	at org.testng.internal.invokers.MethodRunner.runInSequence(MethodRunner.java:63)
	at org.testng.internal.invokers.TestInvoker$MethodInvocationAgent.invoke(TestInvoker.java:992)
	at org.testng.internal.invokers.TestInvoker.invokeTestMethods(TestInvoker.java:203)
	at org.testng.internal.invokers.TestMethodWorker.invokeTestMethods(TestMethodWorker.java:154)
	at org.testng.internal.invokers.TestMethodWorker.run(TestMethodWorker.java:134)
	at java.base/java.util.ArrayList.forEach(ArrayList.java:1596)
	at org.testng.TestRunner.privateRun(TestRunner.java:739)
	at org.testng.TestRunner.run(TestRunner.java:614)
	at org.testng.SuiteRunner.runTest(SuiteRunner.java:421)
	at org.testng.SuiteRunner.runSequentially(SuiteRunner.java:413)
	at org.testng.SuiteRunner.privateRun(SuiteRunner.java:373)
	at org.testng.SuiteRunner.run(SuiteRunner.java:312)
	at org.testng.SuiteRunnerWorker.runSuite(SuiteRunnerWorker.java:52)
	at org.testng.SuiteRunnerWorker.run(SuiteRunnerWorker.java:95)
	at org.testng.TestNG.runSuitesSequentially(TestNG.java:1274)
	at org.testng.TestNG.runSuitesLocally(TestNG.java:1208)
	at org.testng.TestNG.runSuites(TestNG.java:1112)
	at org.testng.TestNG.run(TestNG.java:1079)
	at org.testng.remote.AbstractRemoteTestNG.run(AbstractRemoteTestNG.java:115)
	at org.testng.remote.RemoteTestNG.initAndRun(RemoteTestNG.java:293)
	at org.testng.remote.RemoteTestNG.main(RemoteTestNG.java:91)
</pre></div></td>
<td>16</td>
<td>TestCases.TC024_MsoInventoryDeviceId@394df057</td></tr>
<tr>
<td title='TestCases.TC040_LcoRequestInventory.LcoRequestInventoryCreationTest()'><b>LcoRequestInventoryCreationTest</b><br>Test class: TestCases.TC040_LcoRequestInventory</td>
<td><div><pre>org.openqa.selenium.NoSuchElementException: no such element: Unable to locate element: {&quot;method&quot;:&quot;xpath&quot;,&quot;selector&quot;:&quot;//button[normalize-space()=&apos;Request Inventory&apos;]&quot;}
  (Session info: chrome=130.0.6723.93)
For documentation on this error, please visit: https://www.selenium.dev/documentation/webdriver/troubleshooting/errors#no-such-element-exception
Build info: version: &apos;4.24.0&apos;, revision: &apos;748ffc9bc3&apos;
System info: os.name: &apos;Windows 10&apos;, os.arch: &apos;amd64&apos;, os.version: &apos;10.0&apos;, java.version: &apos;21.0.4&apos;
Driver info: org.openqa.selenium.chrome.ChromeDriver
Command: [4d2bc8efe182dbb2fbd3c6760d97d1cb, findElement {using=xpath, value=//button[normalize-space()=&apos;Request Inventory&apos;]}]
Capabilities {acceptInsecureCerts: false, browserName: chrome, browserVersion: 130.0.6723.93, chrome: {chromedriverVersion: 130.0.6723.69 (3ec172b971b9..., userDataDir: C:\Users\PRAYOG~1.MUD\AppDa...}, fedcm:accounts: true, goog:chromeOptions: {debuggerAddress: localhost:55310}, networkConnectionEnabled: false, pageLoadStrategy: normal, platformName: windows, proxy: Proxy(), se:cdp: ws://localhost:55310/devtoo..., se:cdpVersion: 130.0.6723.93, setWindowRect: true, strictFileInteractability: false, timeouts: {implicit: 0, pageLoad: 300000, script: 30000}, unhandledPromptBehavior: dismiss and notify, webauthn:extension:credBlob: true, webauthn:extension:largeBlob: true, webauthn:extension:minPinLength: true, webauthn:extension:prf: true, webauthn:virtualAuthenticators: true}
Session ID: 4d2bc8efe182dbb2fbd3c6760d97d1cb
	at org.openqa.selenium.remote.ErrorCodec.decode(ErrorCodec.java:167)
	at org.openqa.selenium.remote.codec.w3c.W3CHttpResponseCodec.decode(W3CHttpResponseCodec.java:138)
	at org.openqa.selenium.remote.codec.w3c.W3CHttpResponseCodec.decode(W3CHttpResponseCodec.java:50)
	at org.openqa.selenium.remote.HttpCommandExecutor.execute(HttpCommandExecutor.java:190)
	at org.openqa.selenium.remote.service.DriverCommandExecutor.invokeExecute(DriverCommandExecutor.java:216)
	at org.openqa.selenium.remote.service.DriverCommandExecutor.execute(DriverCommandExecutor.java:174)
	at org.openqa.selenium.remote.RemoteWebDriver.execute(RemoteWebDriver.java:545)
	at org.openqa.selenium.remote.ElementLocation$ElementFinder$2.findElement(ElementLocation.java:165)
	at org.openqa.selenium.remote.ElementLocation.findElement(ElementLocation.java:59)
	at org.openqa.selenium.remote.RemoteWebDriver.findElement(RemoteWebDriver.java:368)
	at org.openqa.selenium.remote.RemoteWebDriver.findElement(RemoteWebDriver.java:362)
	at TestCases.TC040_LcoRequestInventory.LcoRequestInventoryCreationTest(TC040_LcoRequestInventory.java:46)
	at java.base/java.util.ArrayList.forEach(ArrayList.java:1596)
... Removed 28 stack frames</pre></div><a href='#' onClick='toggleBox("stack-trace415137623", this, "Click to show all stack frames", "Click to hide stack frames")'>Click to show all stack frames</a>
<div class='stack-trace' id='stack-trace415137623'><pre>org.openqa.selenium.NoSuchElementException: no such element: Unable to locate element: {&quot;method&quot;:&quot;xpath&quot;,&quot;selector&quot;:&quot;//button[normalize-space()=&apos;Request Inventory&apos;]&quot;}
  (Session info: chrome=130.0.6723.93)
For documentation on this error, please visit: https://www.selenium.dev/documentation/webdriver/troubleshooting/errors#no-such-element-exception
Build info: version: &apos;4.24.0&apos;, revision: &apos;748ffc9bc3&apos;
System info: os.name: &apos;Windows 10&apos;, os.arch: &apos;amd64&apos;, os.version: &apos;10.0&apos;, java.version: &apos;21.0.4&apos;
Driver info: org.openqa.selenium.chrome.ChromeDriver
Command: [4d2bc8efe182dbb2fbd3c6760d97d1cb, findElement {using=xpath, value=//button[normalize-space()=&apos;Request Inventory&apos;]}]
Capabilities {acceptInsecureCerts: false, browserName: chrome, browserVersion: 130.0.6723.93, chrome: {chromedriverVersion: 130.0.6723.69 (3ec172b971b9..., userDataDir: C:\Users\PRAYOG~1.MUD\AppDa...}, fedcm:accounts: true, goog:chromeOptions: {debuggerAddress: localhost:55310}, networkConnectionEnabled: false, pageLoadStrategy: normal, platformName: windows, proxy: Proxy(), se:cdp: ws://localhost:55310/devtoo..., se:cdpVersion: 130.0.6723.93, setWindowRect: true, strictFileInteractability: false, timeouts: {implicit: 0, pageLoad: 300000, script: 30000}, unhandledPromptBehavior: dismiss and notify, webauthn:extension:credBlob: true, webauthn:extension:largeBlob: true, webauthn:extension:minPinLength: true, webauthn:extension:prf: true, webauthn:virtualAuthenticators: true}
Session ID: 4d2bc8efe182dbb2fbd3c6760d97d1cb
	at java.base/jdk.internal.reflect.DirectConstructorHandleAccessor.newInstance(DirectConstructorHandleAccessor.java:62)
	at java.base/java.lang.reflect.Constructor.newInstanceWithCaller(Constructor.java:502)
	at java.base/java.lang.reflect.Constructor.newInstance(Constructor.java:486)
	at org.openqa.selenium.remote.ErrorCodec.decode(ErrorCodec.java:167)
	at org.openqa.selenium.remote.codec.w3c.W3CHttpResponseCodec.decode(W3CHttpResponseCodec.java:138)
	at org.openqa.selenium.remote.codec.w3c.W3CHttpResponseCodec.decode(W3CHttpResponseCodec.java:50)
	at org.openqa.selenium.remote.HttpCommandExecutor.execute(HttpCommandExecutor.java:190)
	at org.openqa.selenium.remote.service.DriverCommandExecutor.invokeExecute(DriverCommandExecutor.java:216)
	at org.openqa.selenium.remote.service.DriverCommandExecutor.execute(DriverCommandExecutor.java:174)
	at org.openqa.selenium.remote.RemoteWebDriver.execute(RemoteWebDriver.java:545)
	at org.openqa.selenium.remote.ElementLocation$ElementFinder$2.findElement(ElementLocation.java:165)
	at org.openqa.selenium.remote.ElementLocation.findElement(ElementLocation.java:59)
	at org.openqa.selenium.remote.RemoteWebDriver.findElement(RemoteWebDriver.java:368)
	at org.openqa.selenium.remote.RemoteWebDriver.findElement(RemoteWebDriver.java:362)
	at TestCases.TC040_LcoRequestInventory.LcoRequestInventoryCreationTest(TC040_LcoRequestInventory.java:46)
	at java.base/jdk.internal.reflect.DirectMethodHandleAccessor.invoke(DirectMethodHandleAccessor.java:103)
	at java.base/java.lang.reflect.Method.invoke(Method.java:580)
	at org.testng.internal.invokers.MethodInvocationHelper.invokeMethod(MethodInvocationHelper.java:141)
	at org.testng.internal.invokers.TestInvoker.invokeMethod(TestInvoker.java:686)
	at org.testng.internal.invokers.TestInvoker.invokeTestMethod(TestInvoker.java:230)
	at org.testng.internal.invokers.MethodRunner.runInSequence(MethodRunner.java:63)
	at org.testng.internal.invokers.TestInvoker$MethodInvocationAgent.invoke(TestInvoker.java:992)
	at org.testng.internal.invokers.TestInvoker.invokeTestMethods(TestInvoker.java:203)
	at org.testng.internal.invokers.TestMethodWorker.invokeTestMethods(TestMethodWorker.java:154)
	at org.testng.internal.invokers.TestMethodWorker.run(TestMethodWorker.java:134)
	at java.base/java.util.ArrayList.forEach(ArrayList.java:1596)
	at org.testng.TestRunner.privateRun(TestRunner.java:739)
	at org.testng.TestRunner.run(TestRunner.java:614)
	at org.testng.SuiteRunner.runTest(SuiteRunner.java:421)
	at org.testng.SuiteRunner.runSequentially(SuiteRunner.java:413)
	at org.testng.SuiteRunner.privateRun(SuiteRunner.java:373)
	at org.testng.SuiteRunner.run(SuiteRunner.java:312)
	at org.testng.SuiteRunnerWorker.runSuite(SuiteRunnerWorker.java:52)
	at org.testng.SuiteRunnerWorker.run(SuiteRunnerWorker.java:95)
	at org.testng.TestNG.runSuitesSequentially(TestNG.java:1274)
	at org.testng.TestNG.runSuitesLocally(TestNG.java:1208)
	at org.testng.TestNG.runSuites(TestNG.java:1112)
	at org.testng.TestNG.run(TestNG.java:1079)
	at org.testng.remote.AbstractRemoteTestNG.run(AbstractRemoteTestNG.java:115)
	at org.testng.remote.RemoteTestNG.initAndRun(RemoteTestNG.java:293)
	at org.testng.remote.RemoteTestNG.main(RemoteTestNG.java:91)
</pre></div></td>
<td>17</td>
<td>TestCases.TC040_LcoRequestInventory@f79e</td></tr>
<tr>
<td title='TestCases.TC025_MsoInventoryOrderId.msoInventoryOrderIdTest()'><b>msoInventoryOrderIdTest</b><br>Test class: TestCases.TC025_MsoInventoryOrderId</td>
<td><div><pre>java.lang.AssertionError: The expected Order ID &apos;DORde4b2d7&apos; was not found. expected [true] but found [false]
	at TestCases.TC025_MsoInventoryOrderId.msoInventoryOrderIdTest(TC025_MsoInventoryOrderId.java:119)
	at java.base/java.util.ArrayList.forEach(ArrayList.java:1596)
... Removed 28 stack frames</pre></div><a href='#' onClick='toggleBox("stack-trace201499070", this, "Click to show all stack frames", "Click to hide stack frames")'>Click to show all stack frames</a>
<div class='stack-trace' id='stack-trace201499070'><pre>java.lang.AssertionError: The expected Order ID &apos;DORde4b2d7&apos; was not found. expected [true] but found [false]
	at org.testng.Assert.fail(Assert.java:111)
	at org.testng.Assert.failNotEquals(Assert.java:1578)
	at org.testng.Assert.assertTrue(Assert.java:57)
	at TestCases.TC025_MsoInventoryOrderId.msoInventoryOrderIdTest(TC025_MsoInventoryOrderId.java:119)
	at java.base/jdk.internal.reflect.DirectMethodHandleAccessor.invoke(DirectMethodHandleAccessor.java:103)
	at java.base/java.lang.reflect.Method.invoke(Method.java:580)
	at org.testng.internal.invokers.MethodInvocationHelper.invokeMethod(MethodInvocationHelper.java:141)
	at org.testng.internal.invokers.TestInvoker.invokeMethod(TestInvoker.java:686)
	at org.testng.internal.invokers.TestInvoker.invokeTestMethod(TestInvoker.java:230)
	at org.testng.internal.invokers.MethodRunner.runInSequence(MethodRunner.java:63)
	at org.testng.internal.invokers.TestInvoker$MethodInvocationAgent.invoke(TestInvoker.java:992)
	at org.testng.internal.invokers.TestInvoker.invokeTestMethods(TestInvoker.java:203)
	at org.testng.internal.invokers.TestMethodWorker.invokeTestMethods(TestMethodWorker.java:154)
	at org.testng.internal.invokers.TestMethodWorker.run(TestMethodWorker.java:134)
	at java.base/java.util.ArrayList.forEach(ArrayList.java:1596)
	at org.testng.TestRunner.privateRun(TestRunner.java:739)
	at org.testng.TestRunner.run(TestRunner.java:614)
	at org.testng.SuiteRunner.runTest(SuiteRunner.java:421)
	at org.testng.SuiteRunner.runSequentially(SuiteRunner.java:413)
	at org.testng.SuiteRunner.privateRun(SuiteRunner.java:373)
	at org.testng.SuiteRunner.run(SuiteRunner.java:312)
	at org.testng.SuiteRunnerWorker.runSuite(SuiteRunnerWorker.java:52)
	at org.testng.SuiteRunnerWorker.run(SuiteRunnerWorker.java:95)
	at org.testng.TestNG.runSuitesSequentially(TestNG.java:1274)
	at org.testng.TestNG.runSuitesLocally(TestNG.java:1208)
	at org.testng.TestNG.runSuites(TestNG.java:1112)
	at org.testng.TestNG.run(TestNG.java:1079)
	at org.testng.remote.AbstractRemoteTestNG.run(AbstractRemoteTestNG.java:115)
	at org.testng.remote.RemoteTestNG.initAndRun(RemoteTestNG.java:293)
	at org.testng.remote.RemoteTestNG.main(RemoteTestNG.java:91)
</pre></div></td>
<td>26</td>
<td>TestCases.TC025_MsoInventoryOrderId@4961f6af</td></tr>
<tr>
<td title='TestCases.TC044_CustomerBills.CustomerBillsPageTest()'><b>CustomerBillsPageTest</b><br>Test class: TestCases.TC044_CustomerBills</td>
<td><div><pre>org.openqa.selenium.NoSuchElementException: no such element: Unable to locate element: {&quot;method&quot;:&quot;xpath&quot;,&quot;selector&quot;:&quot;//button[normalize-space()=&apos;Pay Now&apos;]&quot;}
  (Session info: chrome=130.0.6723.93)
For documentation on this error, please visit: https://www.selenium.dev/documentation/webdriver/troubleshooting/errors#no-such-element-exception
Build info: version: &apos;4.24.0&apos;, revision: &apos;748ffc9bc3&apos;
System info: os.name: &apos;Windows 10&apos;, os.arch: &apos;amd64&apos;, os.version: &apos;10.0&apos;, java.version: &apos;21.0.4&apos;
Driver info: org.openqa.selenium.chrome.ChromeDriver
Command: [dfad161025c3f5ef3e008d2e02ef3f63, findElement {using=xpath, value=//button[normalize-space()=&apos;Pay Now&apos;]}]
Capabilities {acceptInsecureCerts: false, browserName: chrome, browserVersion: 130.0.6723.93, chrome: {chromedriverVersion: 130.0.6723.69 (3ec172b971b9..., userDataDir: C:\Users\PRAYOG~1.MUD\AppDa...}, fedcm:accounts: true, goog:chromeOptions: {debuggerAddress: localhost:55629}, networkConnectionEnabled: false, pageLoadStrategy: normal, platformName: windows, proxy: Proxy(), se:cdp: ws://localhost:55629/devtoo..., se:cdpVersion: 130.0.6723.93, setWindowRect: true, strictFileInteractability: false, timeouts: {implicit: 0, pageLoad: 300000, script: 30000}, unhandledPromptBehavior: dismiss and notify, webauthn:extension:credBlob: true, webauthn:extension:largeBlob: true, webauthn:extension:minPinLength: true, webauthn:extension:prf: true, webauthn:virtualAuthenticators: true}
Session ID: dfad161025c3f5ef3e008d2e02ef3f63
	at org.openqa.selenium.remote.ErrorCodec.decode(ErrorCodec.java:167)
	at org.openqa.selenium.remote.codec.w3c.W3CHttpResponseCodec.decode(W3CHttpResponseCodec.java:138)
	at org.openqa.selenium.remote.codec.w3c.W3CHttpResponseCodec.decode(W3CHttpResponseCodec.java:50)
	at org.openqa.selenium.remote.HttpCommandExecutor.execute(HttpCommandExecutor.java:190)
	at org.openqa.selenium.remote.service.DriverCommandExecutor.invokeExecute(DriverCommandExecutor.java:216)
	at org.openqa.selenium.remote.service.DriverCommandExecutor.execute(DriverCommandExecutor.java:174)
	at org.openqa.selenium.remote.RemoteWebDriver.execute(RemoteWebDriver.java:545)
	at org.openqa.selenium.remote.ElementLocation$ElementFinder$2.findElement(ElementLocation.java:165)
	at org.openqa.selenium.remote.ElementLocation.findElement(ElementLocation.java:59)
	at org.openqa.selenium.remote.RemoteWebDriver.findElement(RemoteWebDriver.java:368)
	at org.openqa.selenium.remote.RemoteWebDriver.findElement(RemoteWebDriver.java:362)
	at TestCases.TC044_CustomerBills.CustomerBillsPageTest(TC044_CustomerBills.java:64)
	at java.base/java.util.ArrayList.forEach(ArrayList.java:1596)
... Removed 28 stack frames</pre></div><a href='#' onClick='toggleBox("stack-trace1795935909", this, "Click to show all stack frames", "Click to hide stack frames")'>Click to show all stack frames</a>
<div class='stack-trace' id='stack-trace1795935909'><pre>org.openqa.selenium.NoSuchElementException: no such element: Unable to locate element: {&quot;method&quot;:&quot;xpath&quot;,&quot;selector&quot;:&quot;//button[normalize-space()=&apos;Pay Now&apos;]&quot;}
  (Session info: chrome=130.0.6723.93)
For documentation on this error, please visit: https://www.selenium.dev/documentation/webdriver/troubleshooting/errors#no-such-element-exception
Build info: version: &apos;4.24.0&apos;, revision: &apos;748ffc9bc3&apos;
System info: os.name: &apos;Windows 10&apos;, os.arch: &apos;amd64&apos;, os.version: &apos;10.0&apos;, java.version: &apos;21.0.4&apos;
Driver info: org.openqa.selenium.chrome.ChromeDriver
Command: [dfad161025c3f5ef3e008d2e02ef3f63, findElement {using=xpath, value=//button[normalize-space()=&apos;Pay Now&apos;]}]
Capabilities {acceptInsecureCerts: false, browserName: chrome, browserVersion: 130.0.6723.93, chrome: {chromedriverVersion: 130.0.6723.69 (3ec172b971b9..., userDataDir: C:\Users\PRAYOG~1.MUD\AppDa...}, fedcm:accounts: true, goog:chromeOptions: {debuggerAddress: localhost:55629}, networkConnectionEnabled: false, pageLoadStrategy: normal, platformName: windows, proxy: Proxy(), se:cdp: ws://localhost:55629/devtoo..., se:cdpVersion: 130.0.6723.93, setWindowRect: true, strictFileInteractability: false, timeouts: {implicit: 0, pageLoad: 300000, script: 30000}, unhandledPromptBehavior: dismiss and notify, webauthn:extension:credBlob: true, webauthn:extension:largeBlob: true, webauthn:extension:minPinLength: true, webauthn:extension:prf: true, webauthn:virtualAuthenticators: true}
Session ID: dfad161025c3f5ef3e008d2e02ef3f63
	at java.base/jdk.internal.reflect.DirectConstructorHandleAccessor.newInstance(DirectConstructorHandleAccessor.java:62)
	at java.base/java.lang.reflect.Constructor.newInstanceWithCaller(Constructor.java:502)
	at java.base/java.lang.reflect.Constructor.newInstance(Constructor.java:486)
	at org.openqa.selenium.remote.ErrorCodec.decode(ErrorCodec.java:167)
	at org.openqa.selenium.remote.codec.w3c.W3CHttpResponseCodec.decode(W3CHttpResponseCodec.java:138)
	at org.openqa.selenium.remote.codec.w3c.W3CHttpResponseCodec.decode(W3CHttpResponseCodec.java:50)
	at org.openqa.selenium.remote.HttpCommandExecutor.execute(HttpCommandExecutor.java:190)
	at org.openqa.selenium.remote.service.DriverCommandExecutor.invokeExecute(DriverCommandExecutor.java:216)
	at org.openqa.selenium.remote.service.DriverCommandExecutor.execute(DriverCommandExecutor.java:174)
	at org.openqa.selenium.remote.RemoteWebDriver.execute(RemoteWebDriver.java:545)
	at org.openqa.selenium.remote.ElementLocation$ElementFinder$2.findElement(ElementLocation.java:165)
	at org.openqa.selenium.remote.ElementLocation.findElement(ElementLocation.java:59)
	at org.openqa.selenium.remote.RemoteWebDriver.findElement(RemoteWebDriver.java:368)
	at org.openqa.selenium.remote.RemoteWebDriver.findElement(RemoteWebDriver.java:362)
	at TestCases.TC044_CustomerBills.CustomerBillsPageTest(TC044_CustomerBills.java:64)
	at java.base/jdk.internal.reflect.DirectMethodHandleAccessor.invoke(DirectMethodHandleAccessor.java:103)
	at java.base/java.lang.reflect.Method.invoke(Method.java:580)
	at org.testng.internal.invokers.MethodInvocationHelper.invokeMethod(MethodInvocationHelper.java:141)
	at org.testng.internal.invokers.TestInvoker.invokeMethod(TestInvoker.java:686)
	at org.testng.internal.invokers.TestInvoker.invokeTestMethod(TestInvoker.java:230)
	at org.testng.internal.invokers.MethodRunner.runInSequence(MethodRunner.java:63)
	at org.testng.internal.invokers.TestInvoker$MethodInvocationAgent.invoke(TestInvoker.java:992)
	at org.testng.internal.invokers.TestInvoker.invokeTestMethods(TestInvoker.java:203)
	at org.testng.internal.invokers.TestMethodWorker.invokeTestMethods(TestMethodWorker.java:154)
	at org.testng.internal.invokers.TestMethodWorker.run(TestMethodWorker.java:134)
	at java.base/java.util.ArrayList.forEach(ArrayList.java:1596)
	at org.testng.TestRunner.privateRun(TestRunner.java:739)
	at org.testng.TestRunner.run(TestRunner.java:614)
	at org.testng.SuiteRunner.runTest(SuiteRunner.java:421)
	at org.testng.SuiteRunner.runSequentially(SuiteRunner.java:413)
	at org.testng.SuiteRunner.privateRun(SuiteRunner.java:373)
	at org.testng.SuiteRunner.run(SuiteRunner.java:312)
	at org.testng.SuiteRunnerWorker.runSuite(SuiteRunnerWorker.java:52)
	at org.testng.SuiteRunnerWorker.run(SuiteRunnerWorker.java:95)
	at org.testng.TestNG.runSuitesSequentially(TestNG.java:1274)
	at org.testng.TestNG.runSuitesLocally(TestNG.java:1208)
	at org.testng.TestNG.runSuites(TestNG.java:1112)
	at org.testng.TestNG.run(TestNG.java:1079)
	at org.testng.remote.AbstractRemoteTestNG.run(AbstractRemoteTestNG.java:115)
	at org.testng.remote.RemoteTestNG.initAndRun(RemoteTestNG.java:293)
	at org.testng.remote.RemoteTestNG.main(RemoteTestNG.java:91)
</pre></div></td>
<td>18</td>
<td>TestCases.TC044_CustomerBills@192c3f1e</td></tr>
</table><p>
<table width='100%' border='1' class='invocation-passed'>
<tr><td colspan='4' align='center'><b>PASSED TESTS</b></td></tr>
<tr><td><b>Test method</b></td>
<td><b>Attribute(s)</b></td>
<td width="30%"><b>Exception</b></td>
<td width="10%"><b>Time (seconds)</b></td>
<td><b>Instance</b></td>
</tr>
<tr>
<td title='TestCases.TC004_AdminLoginDashboard.adminLoginDashboardTest()'><b>adminLoginDashboardTest</b><br>Test class: TestCases.TC004_AdminLoginDashboard</td>
<td></td>
<td>5</td>
<td>TestCases.TC004_AdminLoginDashboard@63475ace</td></tr>
<tr>
<td title='TestCases.TC022_MsoPartnersPage.check_Arjun_LCO_Test()'><b>check_Arjun_LCO_Test</b><br>Test class: TestCases.TC022_MsoPartnersPage</td>
<td></td>
<td>15</td>
<td>TestCases.TC022_MsoPartnersPage@58a9760d</td></tr>
<tr>
<td title='TestCases.TC047_CustomerLogout.customerLogoutTest()'><b>customerLogoutTest</b><br>Test class: TestCases.TC047_CustomerLogout</td>
<td></td>
<td>5</td>
<td>TestCases.TC047_CustomerLogout@561b6512</td></tr>
<tr>
<td title='TestCases.TC039_LcoOperatorInventoryPage.LcoOperatorInventoryPageTest()'><b>LcoOperatorInventoryPageTest</b><br>Test class: TestCases.TC039_LcoOperatorInventoryPage</td>
<td></td>
<td>8</td>
<td>TestCases.TC039_LcoOperatorInventoryPage@4c39bec8</td></tr>
<tr>
<td title='TestCases.TC028_LcoDashboard.lcoLoginDashboardTest()'><b>lcoLoginDashboardTest</b><br>Test class: TestCases.TC028_LcoDashboard</td>
<td></td>
<td>5</td>
<td>TestCases.TC028_LcoDashboard@33c911a1</td></tr>
<tr>
<td title='TestCases.TC018_MsoCreateService.msoServicePageTest()'><b>msoServicePageTest</b><br>Test class: TestCases.TC018_MsoCreateService</td>
<td></td>
<td>11</td>
<td>TestCases.TC018_MsoCreateService@5fbe4146</td></tr>
<tr>
<td title='TestCases.TC026_MsoLogout.msoLogoutTest()'><b>msoLogoutTest</b><br>Test class: TestCases.TC026_MsoLogout</td>
<td></td>
<td>5</td>
<td>TestCases.TC026_MsoLogout@5aebe890</td></tr>
<tr>
<td title='TestCases.TC030_LcoConnectionsPage.LcoConnectionsListTest()'><b>LcoConnectionsListTest</b><br>Test class: TestCases.TC030_LcoConnectionsPage</td>
<td></td>
<td>7</td>
<td>TestCases.TC030_LcoConnectionsPage@707194ba</td></tr>
<tr>
<td title='TestCases.TC038_LcoServiceOrdersUpdateStatus.LcoServiceOrdersUpdateStatusTest()'><b>LcoServiceOrdersUpdateStatusTest</b><br>Test class: TestCases.TC038_LcoServiceOrdersUpdateStatus</td>
<td></td>
<td>26</td>
<td>TestCases.TC038_LcoServiceOrdersUpdateStatus@8c3b9d</td></tr>
<tr>
<td title='TestCases.TC041_LcoLogout.lcoLogoutTest()'><b>lcoLogoutTest</b><br>Test class: TestCases.TC041_LcoLogout</td>
<td></td>
<td>5</td>
<td>TestCases.TC041_LcoLogout@7ee8290b</td></tr>
<tr>
<td title='TestCases.TC042_CustomerLogin.customerLoginTest()'><b>customerLoginTest</b><br>Test class: TestCases.TC042_CustomerLogin</td>
<td></td>
<td>5</td>
<td>TestCases.TC042_CustomerLogin@1f59a598</td></tr>
<tr>
<td title='TestCases.TC001_LaunchApplication.checkUrlTest()'><b>checkUrlTest</b><br>Test class: TestCases.TC001_LaunchApplication</td>
<td></td>
<td>2</td>
<td>TestCases.TC001_LaunchApplication@3c9754d8</td></tr>
<tr>
<td title='TestCases.TC008_EditRoleRollBack.editRoleChangeRollBackTest()'><b>editRoleChangeRollBackTest</b><br>Test class: TestCases.TC008_EditRoleRollBack</td>
<td></td>
<td>21</td>
<td>TestCases.TC008_EditRoleRollBack@6913c1fb</td></tr>
<tr>
<td title='TestCases.TC013_MsoDashboard.msoLoginDashboardTest()'><b>msoLoginDashboardTest</b><br>Test class: TestCases.TC013_MsoDashboard</td>
<td></td>
<td>6</td>
<td>TestCases.TC013_MsoDashboard@7d8704ef</td></tr>
<tr>
<td title='TestCases.TC012_MsoLogin.msoLoginTest()'><b>msoLoginTest</b><br>Test class: TestCases.TC012_MsoLogin</td>
<td></td>
<td>5</td>
<td>TestCases.TC012_MsoLogin@17f7cd29</td></tr>
<tr>
<td title='TestCases.TC002_BookNowRequest.bookNowFeatureTest()'><b>bookNowFeatureTest</b><br>Test class: TestCases.TC002_BookNowRequest</td>
<td></td>
<td>8</td>
<td>TestCases.TC002_BookNowRequest@22fcf7ab</td></tr>
<tr>
<td title='TestCases.TC015_MsoPricingPage.msoPricingPageTest()'><b>msoPricingPageTest</b><br>Test class: TestCases.TC015_MsoPricingPage</td>
<td></td>
<td>45</td>
<td>TestCases.TC015_MsoPricingPage@158a8276</td></tr>
<tr>
<td title='TestCases.TC029_LcoInstallationPage.LcoInstallationTest()'><b>LcoInstallationTest</b><br>Test class: TestCases.TC029_LcoInstallationPage</td>
<td></td>
<td>9</td>
<td>TestCases.TC029_LcoInstallationPage@75db5df9</td></tr>
<tr>
<td title='TestCases.TC045_CustomerChangePlan.CustomerChangePlanTest()'><b>CustomerChangePlanTest</b><br>Test class: TestCases.TC045_CustomerChangePlan</td>
<td></td>
<td>9</td>
<td>TestCases.TC045_CustomerChangePlan@26b3fd41</td></tr>
<tr>
<td title='TestCases.TC046_CustomerSupport.CustomerSupportTest()'><b>CustomerSupportTest</b><br>Test class: TestCases.TC046_CustomerSupport</td>
<td></td>
<td>9</td>
<td>TestCases.TC046_CustomerSupport@7494f96a</td></tr>
<tr>
<td title='TestCases.TC017_MsoServicesPage.msoServicesPageTest()'><b>msoServicesPageTest</b><br>Test class: TestCases.TC017_MsoServicesPage</td>
<td></td>
<td>27</td>
<td>TestCases.TC017_MsoServicesPage@79d8407f</td></tr>
<tr>
<td title='TestCases.TC034_LcoBasicPlanNewCustomer.lcoBasicPlanNewCustomerCreationTest()'><b>lcoBasicPlanNewCustomerCreationTest</b><br>Test class: TestCases.TC034_LcoBasicPlanNewCustomer</td>
<td></td>
<td>12</td>
<td>TestCases.TC034_LcoBasicPlanNewCustomer@399c4be1</td></tr>
<tr>
<td title='TestCases.TC037_LcoServiceOrdersPage.LcoServiceOrdersPageTest()'><b>LcoServiceOrdersPageTest</b><br>Test class: TestCases.TC037_LcoServiceOrdersPage</td>
<td></td>
<td>13</td>
<td>TestCases.TC037_LcoServiceOrdersPage@5b94b04d</td></tr>
<tr>
<td title='TestCases.TC011_AdminLogout.adminLogoutTest()'><b>adminLogoutTest</b><br>Test class: TestCases.TC011_AdminLogout</td>
<td></td>
<td>5</td>
<td>TestCases.TC011_AdminLogout@609cd4d8</td></tr>
<tr>
<td title='TestCases.TC031_LcoConnectionsPersonalDetails.LcoConnectionsPersonalDetailsTest()'><b>LcoConnectionsPersonalDetailsTest</b><br>Test class: TestCases.TC031_LcoConnectionsPersonalDetails</td>
<td></td>
<td>10</td>
<td>TestCases.TC031_LcoConnectionsPersonalDetails@1190200a</td></tr>
<tr>
<td title='TestCases.TC043_CustomerDashboard.CustomerDashboardIDTest()'><b>CustomerDashboardIDTest</b><br>Test class: TestCases.TC043_CustomerDashboard</td>
<td></td>
<td>7</td>
<td>TestCases.TC043_CustomerDashboard@1e178745</td></tr>
<tr>
<td title='TestCases.TC035_LcoPartnersPage.LcoListOfPartnersPageTest()'><b>LcoListOfPartnersPageTest</b><br>Test class: TestCases.TC035_LcoPartnersPage</td>
<td></td>
<td>13</td>
<td>TestCases.TC035_LcoPartnersPage@291caca8</td></tr>
<tr>
<td title='TestCases.TC010_CreateRole.createRoleButtonTest()'><b>createRoleButtonTest</b><br>Test class: TestCases.TC010_CreateRole</td>
<td></td>
<td>8</td>
<td>TestCases.TC010_CreateRole@bccb269</td></tr>
<tr>
<td title='TestCases.TC019_MsoStandardPlans.msoStandardPlansPageTest()'><b>msoStandardPlansPageTest</b><br>Test class: TestCases.TC019_MsoStandardPlans</td>
<td></td>
<td>7</td>
<td>TestCases.TC019_MsoStandardPlans@1e66f1f5</td></tr>
<tr>
<td title='TestCases.TC023_MsoAddPartner.createNewMsoPartnerTest()'><b>createNewMsoPartnerTest</b><br>Test class: TestCases.TC023_MsoAddPartner</td>
<td></td>
<td>5</td>
<td>TestCases.TC023_MsoAddPartner@71e9ddb4</td></tr>
<tr>
<td title='TestCases.TC005_AdminAddPartner.createNewAdminPartnerTest()'><b>createNewAdminPartnerTest</b><br>Test class: TestCases.TC005_AdminAddPartner</td>
<td></td>
<td>5</td>
<td>TestCases.TC005_AdminAddPartner@4988d8b8</td></tr>
<tr>
<td title='TestCases.TC027_LcoLogin.LcoLoginTest()'><b>LcoLoginTest</b><br>Test class: TestCases.TC027_LcoLogin</td>
<td></td>
<td>5</td>
<td>TestCases.TC027_LcoLogin@65d09a04</td></tr>
<tr>
<td title='TestCases.TC009_RolesPageMsoRole.rolesPageMsoRoleTest()'><b>rolesPageMsoRoleTest</b><br>Test class: TestCases.TC009_RolesPageMsoRole</td>
<td></td>
<td>8</td>
<td>TestCases.TC009_RolesPageMsoRole@66d18979</td></tr>
<tr>
<td title='TestCases.TC006_AdminPartnersPage.check_Manjula_MSO_Test()'><b>check_Manjula_MSO_Test</b><br>Test class: TestCases.TC006_AdminPartnersPage</td>
<td></td>
<td>9</td>
<td>TestCases.TC006_AdminPartnersPage@c0c2f8d</td></tr>
<tr>
<td title='TestCases.TC021_MsoCreateCustomPlan.msoCreateCustomPlanTest()'><b>msoCreateCustomPlanTest</b><br>Test class: TestCases.TC021_MsoCreateCustomPlan</td>
<td></td>
<td>10</td>
<td>TestCases.TC021_MsoCreateCustomPlan@7530ad9c</td></tr>
<tr>
<td title='TestCases.TC016_MsoCreatePricing.msoPricingPageTest()'><b>msoPricingPageTest</b><br>Test class: TestCases.TC016_MsoCreatePricing</td>
<td></td>
<td>11</td>
<td>TestCases.TC016_MsoCreatePricing@3c3d9b6b</td></tr>
<tr>
<td title='TestCases.TC032_LcoStandardPlans.lcoStandardPlansPageTest()'><b>lcoStandardPlansPageTest</b><br>Test class: TestCases.TC032_LcoStandardPlans</td>
<td></td>
<td>7</td>
<td>TestCases.TC032_LcoStandardPlans@6a2f6f80</td></tr>
<tr>
<td title='TestCases.TC020_MsoCustomPlans.msoCustomPlansPageTest()'><b>msoCustomPlansPageTest</b><br>Test class: TestCases.TC020_MsoCustomPlans</td>
<td></td>
<td>9</td>
<td>TestCases.TC020_MsoCustomPlans@4e50c791</td></tr>
<tr>
<td title='TestCases.TC003_AdminLogin.adminLoginTest()'><b>adminLoginTest</b><br>Test class: TestCases.TC003_AdminLogin</td>
<td></td>
<td>5</td>
<td>TestCases.TC003_AdminLogin@2de23121</td></tr>
<tr>
<td title='TestCases.TC036_LcoAddPartner.createNewLcoPartnerTest()'><b>createNewLcoPartnerTest</b><br>Test class: TestCases.TC036_LcoAddPartner</td>
<td></td>
<td>6</td>
<td>TestCases.TC036_LcoAddPartner@385e9564</td></tr>
<tr>
<td title='TestCases.TC033_LcoCustomPlans.lcoCustomPlansPageTest()'><b>lcoCustomPlansPageTest</b><br>Test class: TestCases.TC033_LcoCustomPlans</td>
<td></td>
<td>9</td>
<td>TestCases.TC033_LcoCustomPlans@45b4c3a9</td></tr>
</table><p>
</body>
</html>